Linea 5031: 00:06:03,992 ERROR [CotizadorAction:52] Action=CotizadorAction; Method=getModelo > Error= null
Linea 5070: 00:06:04,165 ERROR [CotizadorAction:52] Action=CotizadorAction; Method=getModelo > Error= null
Linea 5317: 00:06:26,887 ERROR [CotizadorAction:52] Action=CotizadorAction; Method=getModelo > Error= null
Linea 5581: 00:06:36,063 ERROR [CotizadorAction:52] Action=CotizadorAction; Method=getModelo > Error= null
Linea 5803: 00:06:51,394 ERROR [CotizadorAction:68] Action=CotizadorAction; Method=getValidaPatente > Error= "TRUE"
Linea 5833: 00:06:51,446 ERROR [CotizadorAction:52] Action=CotizadorAction; Method=getModelo > Error= null
Linea 6925: 00:07:43,208 ERROR [CotizadorAction:68] Action=CotizadorAction; Method=registrarProcesoPagoQP > Error= [registrarProcesoPagoQP] - ERROR al registrar proceso de pagounknown
Linea 10334: 00:12:36,052 ERROR [CotizadorAction:52] Action=CotizadorAction; Method=getModelo > Error= null
Linea 13510: 00:16:14,647 ERROR [CotizadorAction:52] Action=CotizadorAction; Method=getModelo > Error= null
Linea 13695: 00:16:26,719 ERROR [CotizadorAction:52] Action=CotizadorAction; Method=getModelo > Error= null
Linea 13703: 00:16:26,732 ERROR [CotizadorAction:68] Action=CotizadorAction; Method=getValidaPatente > Error= "TRUE"
Linea 14234: 00:16:43,170 ERROR [CotizadorAction:68] Action=CotizadorAction; Method=getModelo > Error= "Parametro Marca Vehiculo es obligatorio"
Linea 14279: 00:16:43,389 ERROR [CotizadorAction:52] Action=CotizadorAction; Method=getModelo > Error= null
Linea 14318: 00:16:43,601 ERROR [CotizadorAction:52] Action=CotizadorAction; Method=getModelo > Error= null
Linea 14982: 00:17:10,722 ERROR [CotizadorAction:52] Action=CotizadorAction; Method=getModelo > Error= null
Linea 15023: 00:17:15,200 ERROR [CotizadorAction:68] Action=CotizadorAction; Method=getValidaPatente > Error= "TRUE"
Linea 15061: 00:17:15,431 ERROR [CotizadorAction:52] Action=CotizadorAction; Method=getModelo > Error= null
Linea 16553: 00:18:41,024 ERROR [CotizadorAction:52] Action=CotizadorAction; Method=getModelo > Error= null
Linea 16594: 00:19:01,798 ERROR [CotizadorAction:68] Action=CotizadorAction; Method=getValidaPatente > Error= "TRUE"
Linea 16694: 00:19:02,031 ERROR [CotizadorAction:52] Action=CotizadorAction; Method=getModelo > Error= null
Linea 18483: 00:20:56,155 ERROR [CotizadorAction:52] Action=CotizadorAction; Method=getModelo > Error= null
Linea 18524: 00:21:01,381 ERROR [CotizadorAction:68] Action=CotizadorAction; Method=getValidaPatente > Error= "TRUE"
Linea 18562: 00:21:01,469 ERROR [CotizadorAction:52] Action=CotizadorAction; Method=getModelo > Error= null
Linea 18787: 00:21:18,224 ERROR [CotizadorAction:68] Action=CotizadorAction; Method=registrarProcesoPagoQP > Error= [registrarProcesoPagoQP] - ERROR al registrar proceso de pagounknown
Linea 21447: 00:25:05,294 ERROR [QuickpayHelper:446] [QuickPay] - quickpaydto.isSoap()true
Linea 25559: 00:33:13,603 ERROR [CotizadorAction:52] Action=CotizadorAction; Method=getModelo > Error= null
Linea 25600: 00:33:25,317 ERROR [CotizadorAction:68] Action=CotizadorAction; Method=getValidaPatente > Error= "TRUE"
Linea 25700: 00:33:25,910 ERROR [CotizadorAction:52] Action=CotizadorAction; Method=getModelo > Error= null
Linea 26476: 00:35:43,284 ERROR [CotizadorAction:52] Action=CotizadorAction; Method=getModelo > Error= null
Linea 26538: 00:35:50,495 ERROR [CotizadorAction:68] Action=CotizadorAction; Method=getValidaPatente > Error= "TRUE"
Linea 26555: 00:35:50,535 ERROR [CotizadorAction:52] Action=CotizadorAction; Method=getModelo > Error= null
Linea 29688: 00:40:35,498 ERROR [QuickpayHelper:446] [QuickPay] - quickpaydto.isSoap()true
Linea 34958: 00:57:07,038 ERROR [QuickpayHelper:446] [QuickPay] - quickpaydto.isSoap()true
Linea 35263: 00:58:36,975 ERROR [CotizadorAction:52] Action=CotizadorAction; Method=getModelo > Error= null
Linea 35502: 00:59:23,510 ERROR [CotizadorAction:52] Action=CotizadorAction; Method=getModelo > Error= null
Linea 35570: 00:59:27,920 ERROR [CotizadorAction:68] Action=CotizadorAction; Method=getValidaPatente > Error= "TRUE"
Linea 35620: 00:59:27,989 ERROR [CotizadorAction:52] Action=CotizadorAction; Method=getModelo > Error= null
Linea 36385: 01:01:37,073 ERROR [CotizadorAction:52] Action=CotizadorAction; Method=getModelo > Error= null
Linea 36588: 01:01:48,764 ERROR [CotizadorAction:68] Action=CotizadorAction; Method=getValidaPatente > Error= "TRUE"
Linea 36663: 01:01:49,285 ERROR [CotizadorAction:52] Action=CotizadorAction; Method=getModelo > Error= null
Linea 40283: 01:11:24,466 ERROR [QuickpayHelper:446] [QuickPay] - quickpaydto.isSoap()true
Linea 42361: 01:19:56,664 ERROR [QuickpayHelper:446] [QuickPay] - quickpaydto.isSoap()true
Linea 44353: 01:27:10,883 ERROR [CotizadorAction:52] Action=CotizadorAction; Method=getModelo > Error= null
Linea 44427: 01:27:22,179 ERROR [CotizadorAction:68] Action=CotizadorAction; Method=getValidaPatente > Error= "TRUE"
Linea 44428: 01:27:22,180 ERROR [CotizadorAction:52] Action=CotizadorAction; Method=getModelo > Error= null
Linea 45639: 01:29:22,517 ERROR [QuickpayHelper:446] [QuickPay] - quickpaydto.isSoap()true
Linea 51603: 01:59:41,430 ERROR [CotizadorAction:52] Action=CotizadorAction; Method=getModelo > Error= null
Linea 51644: 01:59:45,713 ERROR [CotizadorAction:68] Action=CotizadorAction; Method=getValidaPatente > Error= "TRUE"
Linea 51709: 01:59:45,800 ERROR [CotizadorAction:52] Action=CotizadorAction; Method=getModelo > Error= null
Linea 56466: 02:38:10,962 ERROR [QuickpayHelper:446] [QuickPay] - quickpaydto.isSoap()true
Linea 61643: 03:22:43,822 ERROR [CotizadorAction:52] Action=CotizadorAction; Method=getModelo > Error= null
Linea 61684: 03:22:52,862 ERROR [CotizadorAction:68] Action=CotizadorAction; Method=getValidaPatente > Error= "TRUE"
Linea 61782: 03:22:53,029 ERROR [CotizadorAction:52] Action=CotizadorAction; Method=getModelo > Error= null
Linea 62805: 03:36:08,298 ERROR [CotizadorAction:52] Action=CotizadorAction; Method=getModelo > Error= null
Linea 62858: 03:36:18,924 ERROR [CotizadorAction:68] Action=CotizadorAction; Method=getValidaPatente > Error= "TRUE"
Linea 62884: 03:36:18,972 ERROR [CotizadorAction:52] Action=CotizadorAction; Method=getModelo > Error= null
Linea 63776: 03:44:29,829 ERROR [CotizadorAction:52] Action=CotizadorAction; Method=getModelo > Error= null
Linea 63850: 03:44:50,071 ERROR [CotizadorAction:68] Action=CotizadorAction; Method=getValidaPatente > Error= "TRUE"
Linea 63855: 03:44:50,084 ERROR [CotizadorAction:52] Action=CotizadorAction; Method=getModelo > Error= null
Linea 65280: 03:59:27,011 ERROR [CotizadorAction:52] Action=CotizadorAction; Method=getModelo > Error= null
Linea 65519: 04:09:15,638 ERROR [CotizadorAction:52] Action=CotizadorAction; Method=getModelo > Error= null
Linea 67628: 04:52:46,584 ERROR [CotizadorAction:68] Action=CotizadorAction; Method=registrarProcesoPagoQP > Error= [registrarProcesoPagoQP] - ERROR al registrar proceso de pagounknown
Linea 68560: 04:55:12,468 ERROR [CotizadorAction:52] Action=CotizadorAction; Method=getModelo > Error= null
Linea 71507: 07:02:19,411 ERROR [CotizadorAction:52] Action=CotizadorAction; Method=getModelo > Error= null
Linea 71548: 07:02:41,179 ERROR [CotizadorAction:68] Action=CotizadorAction; Method=getValidaPatente > Error= "TRUE"
Linea 71648: 07:02:41,637 ERROR [CotizadorAction:52] Action=CotizadorAction; Method=getModelo > Error= null
Linea 75138: 07:40:24,188 ERROR [QuickpayHelper:446] [QuickPay] - quickpaydto.isSoap()true
Linea 76513: 07:53:35,463 ERROR [CotizadorAction:52] Action=CotizadorAction; Method=getModelo > Error= null
Linea 76554: 07:53:41,430 ERROR [CotizadorAction:68] Action=CotizadorAction; Method=getValidaPatente > Error= "TRUE"
Linea 76592: 07:53:41,580 ERROR [CotizadorAction:52] Action=CotizadorAction; Method=getModelo > Error= null
Linea 77608: 07:57:32,535 ERROR [CotizadorAction:52] Action=CotizadorAction; Method=getModelo > Error= null
Linea 80813: 08:07:22,736 ERROR [CotizadorAction:52] Action=CotizadorAction; Method=getModelo > Error= null
Linea 80953: 08:07:33,061 ERROR [CotizadorAction:68] Action=CotizadorAction; Method=getValidaPatente > Error= "TRUE"
Linea 81003: 08:07:33,180 ERROR [CotizadorAction:52] Action=CotizadorAction; Method=getModelo > Error= null
Linea 81071: 08:07:41,397 ERROR [Jsr168Dispatcher:27] Could not execute action
Linea 81263: 08:07:44,052 ERROR [Jsr168Dispatcher:27] Could not execute action
Linea 81494: 08:07:55,479 ERROR [Jsr168Dispatcher:27] Could not execute action
Linea 81696: 08:07:55,520 ERROR [Jsr168Dispatcher:27] Could not execute action
Linea 81880: 08:07:55,522 ERROR [Jsr168Dispatcher:27] Could not execute action
Linea 82064: 08:07:55,521 ERROR [Jsr168Dispatcher:27] Could not execute action
Linea 82248: 08:07:55,521 ERROR [Jsr168Dispatcher:27] Could not execute action
Linea 82440: 08:08:02,200 ERROR [Jsr168Dispatcher:27] Could not execute action
Linea 82632: 08:08:02,321 ERROR [Jsr168Dispatcher:27] Could not execute action
Linea 82861: 08:09:03,483 ERROR [Jsr168Dispatcher:27] Could not execute action
Linea 83064: 08:09:03,512 ERROR [Jsr168Dispatcher:27] Could not execute action
Linea 83249: 08:09:03,522 ERROR [Jsr168Dispatcher:27] Could not execute action
Linea 83433: 08:09:03,526 ERROR [Jsr168Dispatcher:27] Could not execute action
Linea 83617: 08:09:03,532 ERROR [Jsr168Dispatcher:27] Could not execute action
Linea 83857: 08:09:14,945 ERROR [Jsr168Dispatcher:27] Could not execute action
Linea 84042: 08:09:14,949 ERROR [Jsr168Dispatcher:27] Could not execute action
Linea 84226: 08:09:14,953 ERROR [Jsr168Dispatcher:27] Could not execute action
Linea 84411: 08:09:14,965 ERROR [Jsr168Dispatcher:27] Could not execute action
Linea 84602: 08:09:14,982 ERROR [Jsr168Dispatcher:27] Could not execute action
Linea 84819: 08:09:25,401 ERROR [Jsr168Dispatcher:27] Could not execute action
Linea 85011: 08:09:25,442 ERROR [Jsr168Dispatcher:27] Could not execute action
Linea 85203: 08:09:25,526 ERROR [Jsr168Dispatcher:27] Could not execute action
Linea 85397: 08:09:25,580 ERROR [Jsr168Dispatcher:27] Could not execute action
Linea 85587: 08:09:25,595 ERROR [Jsr168Dispatcher:27] Could not execute action
Linea 85779: 08:09:25,712 ERROR [Jsr168Dispatcher:27] Could not execute action
Linea 85971: 08:09:25,729 ERROR [Jsr168Dispatcher:27] Could not execute action
Linea 86204: 08:09:37,685 ERROR [Jsr168Dispatcher:27] Could not execute action
Linea 86394: 08:09:37,693 ERROR [Jsr168Dispatcher:27] Could not execute action
Linea 86585: 08:09:37,711 ERROR [Jsr168Dispatcher:27] Could not execute action
Linea 86772: 08:09:37,728 ERROR [Jsr168Dispatcher:27] Could not execute action
Linea 86956: 08:09:37,730 ERROR [Jsr168Dispatcher:27] Could not execute action
Linea 87259: 08:10:24,168 ERROR [TP-Processor477|Jsr168Dispatcher:27] Could not execute action
Linea 87444: 08:10:24,170 ERROR [TP-Processor412|Jsr168Dispatcher:27] Could not execute action
Linea 87683: 08:10:37,499 ERROR [TP-Processor412|Jsr168Dispatcher:27] Could not execute action
Linea 87876: 08:10:37,506 ERROR [TP-Processor478|Jsr168Dispatcher:27] Could not execute action
Linea 88064: 08:10:37,515 ERROR [TP-Processor365|Jsr168Dispatcher:27] Could not execute action
Linea 88249: 08:10:37,518 ERROR [TP-Processor166|Jsr168Dispatcher:27] Could not execute action
Linea 88434: 08:10:37,531 ERROR [TP-Processor425|Jsr168Dispatcher:27] Could not execute action
Linea 88652: 08:11:25,062 ERROR [TP-Processor488|Jsr168Dispatcher:27] Could not execute action
Linea 88845: 08:11:27,551 ERROR [TP-Processor431|Jsr168Dispatcher:27] Could not execute action
Linea 89038: 08:11:27,692 ERROR [TP-Processor431|Jsr168Dispatcher:27] Could not execute action
Linea 89231: 08:11:28,834 ERROR [TP-Processor488|Jsr168Dispatcher:27] Could not execute action
Linea 89424: 08:11:29,112 ERROR [TP-Processor431|Jsr168Dispatcher:27] Could not execute action
Linea 89617: 08:11:30,077 ERROR [TP-Processor431|Jsr168Dispatcher:27] Could not execute action
Linea 89810: 08:11:30,250 ERROR [TP-Processor431|Jsr168Dispatcher:27] Could not execute action
Linea 90003: 08:11:30,800 ERROR [TP-Processor488|Jsr168Dispatcher:27] Could not execute action
Linea 90196: 08:11:30,905 ERROR [TP-Processor181|Jsr168Dispatcher:27] Could not execute action
Linea 90389: 08:11:32,449 ERROR [TP-Processor181|Jsr168Dispatcher:27] Could not execute action
Linea 90581: 08:11:32,511 ERROR [TP-Processor431|Jsr168Dispatcher:27] Could not execute action
Linea 90773: 08:11:33,090 ERROR [TP-Processor181|Jsr168Dispatcher:27] Could not execute action
Linea 90965: 08:11:33,163 ERROR [TP-Processor431|Jsr168Dispatcher:27] Could not execute action
Linea 91182: 08:11:37,763 ERROR [TP-Processor181|Jsr168Dispatcher:27] Could not execute action
Linea 91374: 08:11:38,006 ERROR [TP-Processor181|Jsr168Dispatcher:27] Could not execute action
Linea 91590: 08:11:38,295 ERROR [TP-Processor484|Jsr168Dispatcher:27] Could not execute action
Linea 91775: 08:11:38,296 ERROR [TP-Processor477|Jsr168Dispatcher:27] Could not execute action
Linea 91966: 08:11:38,304 ERROR [TP-Processor419|Jsr168Dispatcher:27] Could not execute action
Linea 92150: 08:11:38,312 ERROR [TP-Processor384|Jsr168Dispatcher:27] Could not execute action
Linea 92334: 08:11:38,316 ERROR [TP-Processor425|Jsr168Dispatcher:27] Could not execute action
Linea 92526: 08:11:39,948 ERROR [TP-Processor431|Jsr168Dispatcher:27] Could not execute action
Linea 92718: 08:11:40,167 ERROR [TP-Processor431|Jsr168Dispatcher:27] Could not execute action
Linea 92910: 08:11:42,717 ERROR [TP-Processor488|Jsr168Dispatcher:27] Could not execute action
Linea 93102: 08:11:42,828 ERROR [TP-Processor181|Jsr168Dispatcher:27] Could not execute action
Linea 93294: 08:11:43,699 ERROR [TP-Processor431|Jsr168Dispatcher:27] Could not execute action
Linea 93486: 08:11:43,824 ERROR [TP-Processor488|Jsr168Dispatcher:27] Could not execute action
Linea 93678: 08:11:49,456 ERROR [TP-Processor349|Jsr168Dispatcher:27] Could not execute action
Linea 93870: 08:11:49,958 ERROR [TP-Processor478|Jsr168Dispatcher:27] Could not execute action
Linea 94062: 08:12:00,629 ERROR [TP-Processor166|Jsr168Dispatcher:27] Could not execute action
Linea 94254: 08:12:00,760 ERROR [TP-Processor349|Jsr168Dispatcher:27] Could not execute action
Linea 94446: 08:12:01,758 ERROR [TP-Processor349|Jsr168Dispatcher:27] Could not execute action
Linea 94638: 08:12:01,881 ERROR [TP-Processor166|Jsr168Dispatcher:27] Could not execute action
Linea 94830: 08:12:10,321 ERROR [TP-Processor488|Jsr168Dispatcher:27] Could not execute action
Linea 95022: 08:12:10,537 ERROR [TP-Processor166|Jsr168Dispatcher:27] Could not execute action
Linea 95214: 08:12:10,721 ERROR [TP-Processor349|Jsr168Dispatcher:27] Could not execute action
Linea 95406: 08:12:13,355 ERROR [TP-Processor478|Jsr168Dispatcher:27] Could not execute action
Linea 95598: 08:12:13,452 ERROR [TP-Processor166|Jsr168Dispatcher:27] Could not execute action
Linea 95790: 08:12:51,740 ERROR [TP-Processor478|Jsr168Dispatcher:27] Could not execute action
Linea 96048: 08:13:46,299 ERROR [TP-Processor473|Jsr168Dispatcher:27] Could not execute action
Linea 96240: 08:13:46,310 ERROR [TP-Processor435|Jsr168Dispatcher:27] Could not execute action
Linea 96424: 08:13:46,313 ERROR [TP-Processor434|Jsr168Dispatcher:27] Could not execute action
Linea 96608: 08:13:46,317 ERROR [TP-Processor415|Jsr168Dispatcher:27] Could not execute action
Linea 96800: 08:13:46,344 ERROR [TP-Processor488|Jsr168Dispatcher:27] Could not execute action
Linea 97025: 08:14:00,133 ERROR [TP-Processor415|Jsr168Dispatcher:27] Could not execute action
Linea 97222: 08:14:00,147 ERROR [TP-Processor444|Jsr168Dispatcher:27] Could not execute action
Linea 97409: 08:14:00,158 ERROR [TP-Processor473|Jsr168Dispatcher:27] Could not execute action
Linea 97593: 08:14:00,160 ERROR [TP-Processor488|Jsr168Dispatcher:27] Could not execute action
Linea 97785: 08:14:00,245 ERROR [TP-Processor488|Jsr168Dispatcher:27] Could not execute action
Linea 98010: 08:14:32,446 ERROR [TP-Processor415|Jsr168Dispatcher:27] Could not execute action
Linea 98194: 08:14:32,450 ERROR [TP-Processor434|Jsr168Dispatcher:27] Could not execute action
Linea 98394: 08:14:32,485 ERROR [TP-Processor481|Jsr168Dispatcher:27] Could not execute action
Linea 98578: 08:14:32,491 ERROR [TP-Processor415|Jsr168Dispatcher:27] Could not execute action
Linea 98770: 08:14:32,530 ERROR [TP-Processor444|Jsr168Dispatcher:27] Could not execute action
Linea 99002: 08:14:43,550 ERROR [TP-Processor415|Jsr168Dispatcher:27] Could not execute action
Linea 99187: 08:14:43,562 ERROR [TP-Processor488|Jsr168Dispatcher:27] Could not execute action
Linea 99371: 08:14:43,563 ERROR [TP-Processor434|Jsr168Dispatcher:27] Could not execute action
Linea 99571: 08:14:43,667 ERROR [TP-Processor429|Jsr168Dispatcher:27] Could not execute action
Linea 99755: 08:14:43,671 ERROR [TP-Processor473|Jsr168Dispatcher:27] Could not execute action
Linea 99997: 08:16:18,452 ERROR [TP-Processor434|Jsr168Dispatcher:27] Could not execute action
Linea 100205: 08:16:18,476 ERROR [TP-Processor435|Jsr168Dispatcher:27] Could not execute action
Linea 100394: 08:16:18,486 ERROR [TP-Processor429|Jsr168Dispatcher:27] Could not execute action
Linea 100581: 08:16:18,497 ERROR [TP-Processor483|Jsr168Dispatcher:27] Could not execute action
Linea 100765: 08:16:18,505 ERROR [TP-Processor434|Jsr168Dispatcher:27] Could not execute action
Linea 100997: 08:16:31,659 ERROR [TP-Processor309|Jsr168Dispatcher:27] Could not execute action
Linea 101189: 08:16:31,676 ERROR [TP-Processor473|Jsr168Dispatcher:27] Could not execute action
Linea 101374: 08:16:31,683 ERROR [TP-Processor488|Jsr168Dispatcher:27] Could not execute action
Linea 101558: 08:16:31,694 ERROR [TP-Processor415|Jsr168Dispatcher:27] Could not execute action
Linea 101750: 08:16:31,731 ERROR [TP-Processor473|Jsr168Dispatcher:27] Could not execute action
Linea 101988: 08:16:43,684 ERROR [TP-Processor444|Jsr168Dispatcher:27] Could not execute action
Linea 102174: 08:16:43,690 ERROR [TP-Processor483|Jsr168Dispatcher:27] Could not execute action
Linea 102359: 08:16:43,696 ERROR [TP-Processor481|Jsr168Dispatcher:27] Could not execute action
Linea 102543: 08:16:43,707 ERROR [TP-Processor435|Jsr168Dispatcher:27] Could not execute action
Linea 102760: 08:16:46,635 ERROR [TP-Processor435|Jsr168Dispatcher:27] Could not execute action
Linea 102959: 08:16:50,459 ERROR [TP-Processor488|Jsr168Dispatcher:27] Could not execute action
Linea 103144: 08:16:50,469 ERROR [TP-Processor415|Jsr168Dispatcher:27] Could not execute action
Linea 103336: 08:16:50,509 ERROR [TP-Processor488|Jsr168Dispatcher:27] Could not execute action
Linea 103528: 08:16:50,574 ERROR [TP-Processor488|Jsr168Dispatcher:27] Could not execute action
Linea 103720: 08:16:50,613 ERROR [TP-Processor473|Jsr168Dispatcher:27] Could not execute action
Linea 103946: 08:17:13,293 ERROR [TP-Processor415|Jsr168Dispatcher:27] Could not execute action
Linea 104145: 08:17:13,321 ERROR [TP-Processor481|Jsr168Dispatcher:27] Could not execute action
Linea 104336: 08:17:13,334 ERROR [TP-Processor436|Jsr168Dispatcher:27] Could not execute action
Linea 104521: 08:17:13,342 ERROR [TP-Processor444|Jsr168Dispatcher:27] Could not execute action
Linea 104705: 08:17:13,354 ERROR [TP-Processor483|Jsr168Dispatcher:27] Could not execute action
Linea 104897: 08:17:13,422 ERROR [TP-Processor483|Jsr168Dispatcher:27] Could not execute action
Linea 105089: 08:17:13,466 ERROR [TP-Processor488|Jsr168Dispatcher:27] Could not execute action
Linea 105281: 08:17:13,484 ERROR [TP-Processor436|Jsr168Dispatcher:27] Could not execute action
Linea 105481: 08:17:13,515 ERROR [TP-Processor483|Jsr168Dispatcher:27] Could not execute action
Linea 105665: 08:17:13,517 ERROR [TP-Processor488|Jsr168Dispatcher:27] Could not execute action
Linea 105890: 08:17:37,871 ERROR [TP-Processor488|Jsr168Dispatcher:27] Could not execute action
Linea 106074: 08:17:37,873 ERROR [TP-Processor436|Jsr168Dispatcher:27] Could not execute action
Linea 106277: 08:17:37,892 ERROR [TP-Processor481|Jsr168Dispatcher:27] Could not execute action
Linea 106466: 08:17:37,904 ERROR [TP-Processor444|Jsr168Dispatcher:27] Could not execute action
Linea 106650: 08:17:37,907 ERROR [TP-Processor415|Jsr168Dispatcher:27] Could not execute action
Linea 106892: 08:17:46,453 ERROR [TP-Processor435|Jsr168Dispatcher:27] Could not execute action
Linea 107079: 08:17:46,458 ERROR [TP-Processor483|Jsr168Dispatcher:27] Could not execute action
Linea 107265: 08:17:46,461 ERROR [TP-Processor444|Jsr168Dispatcher:27] Could not execute action
Linea 107451: 08:17:46,471 ERROR [TP-Processor415|Jsr168Dispatcher:27] Could not execute action
Linea 107635: 08:17:46,474 ERROR [TP-Processor481|Jsr168Dispatcher:27] Could not execute action
Linea 107882: 08:18:34,674 ERROR [TP-Processor415|Jsr168Dispatcher:27] Could not execute action
Linea 108067: 08:18:34,675 ERROR [TP-Processor309|Jsr168Dispatcher:27] Could not execute action
Linea 108251: 08:18:34,675 ERROR [TP-Processor434|Jsr168Dispatcher:27] Could not execute action
Linea 108436: 08:18:34,686 ERROR [TP-Processor483|Jsr168Dispatcher:27] Could not execute action
Linea 108620: 08:18:34,695 ERROR [TP-Processor435|Jsr168Dispatcher:27] Could not execute action
Linea 108860: 08:19:13,594 ERROR [TP-Processor473|Jsr168Dispatcher:27] Could not execute action
Linea 109053: 08:19:13,657 ERROR [TP-Processor441|Jsr168Dispatcher:27] Could not execute action
Linea 109237: 08:19:13,660 ERROR [TP-Processor425|Jsr168Dispatcher:27] Could not execute action
Linea 109421: 08:19:13,647 ERROR [TP-Processor436|Jsr168Dispatcher:27] Could not execute action
Linea 109605: 08:19:13,660 ERROR [TP-Processor434|Jsr168Dispatcher:27] Could not execute action
Linea 109822: 08:19:15,516 ERROR [TP-Processor488|Jsr168Dispatcher:27] Could not execute action
Linea 110036: 08:19:15,660 ERROR [TP-Processor488|Jsr168Dispatcher:27] Could not execute action
Linea 110221: 08:19:15,663 ERROR [TP-Processor481|Jsr168Dispatcher:27] Could not execute action
Linea 110406: 08:19:15,671 ERROR [TP-Processor483|Jsr168Dispatcher:27] Could not execute action
Linea 110590: 08:19:15,674 ERROR [TP-Processor309|Jsr168Dispatcher:27] Could not execute action
Linea 110807: 08:19:34,924 ERROR [TP-Processor425|Jsr168Dispatcher:27] Could not execute action
Linea 111002: 08:19:34,973 ERROR [TP-Processor435|Jsr168Dispatcher:27] Could not execute action
Linea 111191: 08:19:34,988 ERROR [TP-Processor451|Jsr168Dispatcher:27] Could not execute action
Linea 111383: 08:19:35,060 ERROR [TP-Processor473|Jsr168Dispatcher:27] Could not execute action
Linea 111575: 08:19:35,178 ERROR [TP-Processor425|Jsr168Dispatcher:27] Could not execute action
Linea 111767: 08:19:35,221 ERROR [TP-Processor451|Jsr168Dispatcher:27] Could not execute action
Linea 111959: 08:19:35,515 ERROR [TP-Processor473|Jsr168Dispatcher:27] Could not execute action
Linea 112199: 08:19:40,279 ERROR [TP-Processor451|Jsr168Dispatcher:27] Could not execute action
Linea 112389: 08:19:40,286 ERROR [TP-Processor435|Jsr168Dispatcher:27] Could not execute action
Linea 112576: 08:19:40,291 ERROR [TP-Processor425|Jsr168Dispatcher:27] Could not execute action
Linea 112760: 08:19:40,294 ERROR [TP-Processor483|Jsr168Dispatcher:27] Could not execute action
Linea 112944: 08:19:40,301 ERROR [TP-Processor473|Jsr168Dispatcher:27] Could not execute action
Linea 113161: 08:19:43,768 ERROR [TP-Processor435|Jsr168Dispatcher:27] Could not execute action
Linea 113353: 08:19:43,806 ERROR [TP-Processor473|Jsr168Dispatcher:27] Could not execute action
Linea 113545: 08:19:43,853 ERROR [TP-Processor435|Jsr168Dispatcher:27] Could not execute action
Linea 113737: 08:19:43,904 ERROR [TP-Processor435|Jsr168Dispatcher:27] Could not execute action
Linea 113929: 08:19:43,969 ERROR [TP-Processor483|Jsr168Dispatcher:27] Could not execute action
Linea 114121: 08:19:44,390 ERROR [TP-Processor435|Jsr168Dispatcher:27] Could not execute action
Linea 114313: 08:19:44,677 ERROR [TP-Processor473|Jsr168Dispatcher:27] Could not execute action
Linea 114555: 08:20:02,493 ERROR [TP-Processor481|Jsr168Dispatcher:27] Could not execute action
Linea 114747: 08:20:02,566 ERROR [TP-Processor441|Jsr168Dispatcher:27] Could not execute action
Linea 114939: 08:20:02,762 ERROR [TP-Processor441|Jsr168Dispatcher:27] Could not execute action
Linea 115139: 08:20:02,994 ERROR [TP-Processor441|Jsr168Dispatcher:27] Could not execute action
Linea 115323: 08:20:03,002 ERROR [TP-Processor481|Jsr168Dispatcher:27] Could not execute action
Linea 115540: 08:20:09,492 ERROR [TP-Processor441|Jsr168Dispatcher:27] Could not execute action
Linea 115732: 08:20:09,591 ERROR [TP-Processor481|Jsr168Dispatcher:27] Could not execute action
Linea 115924: 08:20:09,700 ERROR [TP-Processor488|Jsr168Dispatcher:27] Could not execute action
Linea 116116: 08:20:09,729 ERROR [TP-Processor309|Jsr168Dispatcher:27] Could not execute action
Linea 116308: 08:20:09,910 ERROR [TP-Processor441|Jsr168Dispatcher:27] Could not execute action
Linea 116500: 08:20:10,609 ERROR [TP-Processor481|Jsr168Dispatcher:27] Could not execute action
Linea 116692: 08:20:10,723 ERROR [TP-Processor309|Jsr168Dispatcher:27] Could not execute action
Linea 116934: 08:20:37,872 ERROR [TP-Processor451|Jsr168Dispatcher:27] Could not execute action
Linea 117126: 08:20:37,903 ERROR [TP-Processor488|Jsr168Dispatcher:27] Could not execute action
Linea 117318: 08:20:37,958 ERROR [TP-Processor488|Jsr168Dispatcher:27] Could not execute action
Linea 117510: 08:20:37,998 ERROR [TP-Processor441|Jsr168Dispatcher:27] Could not execute action
Linea 117702: 08:20:38,050 ERROR [TP-Processor441|Jsr168Dispatcher:27] Could not execute action
Linea 117894: 08:20:38,200 ERROR [TP-Processor473|Jsr168Dispatcher:27] Could not execute action
Linea 118086: 08:20:38,599 ERROR [TP-Processor441|Jsr168Dispatcher:27] Could not execute action
Linea 118278: 08:20:40,716 ERROR [TP-Processor309|Jsr168Dispatcher:27] Could not execute action
Linea 118470: 08:20:40,875 ERROR [TP-Processor444|Jsr168Dispatcher:27] Could not execute action
Linea 118662: 08:20:41,026 ERROR [TP-Processor451|Jsr168Dispatcher:27] Could not execute action
Linea 118861: 08:20:41,236 ERROR [TP-Processor309|Jsr168Dispatcher:27] Could not execute action
Linea 119046: 08:20:41,250 ERROR [TP-Processor444|Jsr168Dispatcher:27] Could not execute action
Linea 119288: 08:21:07,310 ERROR [TP-Processor473|Jsr168Dispatcher:27] Could not execute action
Linea 119480: 08:21:07,335 ERROR [TP-Processor488|Jsr168Dispatcher:27] Could not execute action
Linea 119674: 08:21:07,369 ERROR [TP-Processor488|Jsr168Dispatcher:27] Could not execute action
Linea 119864: 08:21:07,384 ERROR [TP-Processor441|Jsr168Dispatcher:27] Could not execute action
Linea 120056: 08:21:07,406 ERROR [TP-Processor434|Jsr168Dispatcher:27] Could not execute action
Linea 120295: 08:21:14,258 ERROR [TP-Processor473|Jsr168Dispatcher:27] Could not execute action
Linea 120486: 08:21:14,269 ERROR [TP-Processor444|Jsr168Dispatcher:27] Could not execute action
Linea 120672: 08:21:14,272 ERROR [TP-Processor483|Jsr168Dispatcher:27] Could not execute action
Linea 120857: 08:21:14,283 ERROR [TP-Processor441|Jsr168Dispatcher:27] Could not execute action
Linea 121041: 08:21:14,285 ERROR [TP-Processor415|Jsr168Dispatcher:27] Could not execute action
Linea 121239: 08:21:14,413 ERROR [TP-Processor444|Jsr168Dispatcher:27] Could not execute action
Linea 121432: 08:21:14,428 ERROR [TP-Processor481|Jsr168Dispatcher:27] Could not execute action
Linea 121625: 08:21:14,441 ERROR [TP-Processor428|Jsr168Dispatcher:27] Could not execute action
Linea 121811: 08:21:14,447 ERROR [TP-Processor429|Jsr168Dispatcher:27] Could not execute action
Linea 122001: 08:21:14,471 ERROR [TP-Processor309|Jsr168Dispatcher:27] Could not execute action
Linea 122238: 08:21:40,189 ERROR [TP-Processor384|Jsr168Dispatcher:27] Could not execute action
Linea 122433: 08:21:40,200 ERROR [TP-Processor432|Jsr168Dispatcher:27] Could not execute action
Linea 122617: 08:21:40,203 ERROR [TP-Processor444|Jsr168Dispatcher:27] Could not execute action
Linea 122802: 08:21:40,209 ERROR [TP-Processor436|Jsr168Dispatcher:27] Could not execute action
Linea 122986: 08:21:40,213 ERROR [TP-Processor424|Jsr168Dispatcher:27] Could not execute action
Linea 123200: 08:21:40,402 ERROR [TP-Processor435|Jsr168Dispatcher:27] Could not execute action
Linea 123385: 08:21:40,406 ERROR [TP-Processor384|Jsr168Dispatcher:27] Could not execute action
Linea 123577: 08:21:40,418 ERROR [TP-Processor346|Jsr168Dispatcher:27] Could not execute action
Linea 123762: 08:21:40,426 ERROR [TP-Processor451|Jsr168Dispatcher:27] Could not execute action
Linea 123946: 08:21:40,428 ERROR [TP-Processor429|Jsr168Dispatcher:27] Could not execute action
Linea 124163: 08:21:51,557 ERROR [TP-Processor436|Jsr168Dispatcher:27] Could not execute action
Linea 124355: 08:21:53,063 ERROR [TP-Processor444|Jsr168Dispatcher:27] Could not execute action
Linea 124554: 08:21:53,161 ERROR [TP-Processor346|Jsr168Dispatcher:27] Could not execute action
Linea 124739: 08:21:53,173 ERROR [TP-Processor435|Jsr168Dispatcher:27] Could not execute action
Linea 124931: 08:21:53,234 ERROR [TP-Processor444|Jsr168Dispatcher:27] Could not execute action
Linea 125123: 08:21:53,330 ERROR [TP-Processor429|Jsr168Dispatcher:27] Could not execute action
Linea 125315: 08:21:53,429 ERROR [TP-Processor444|Jsr168Dispatcher:27] Could not execute action
Linea 125507: 08:21:53,540 ERROR [TP-Processor435|Jsr168Dispatcher:27] Could not execute action
Linea 125699: 08:21:53,646 ERROR [TP-Processor435|Jsr168Dispatcher:27] Could not execute action
Linea 125891: 08:21:54,008 ERROR [TP-Processor346|Jsr168Dispatcher:27] Could not execute action
Linea 126115: 08:21:55,681 ERROR [TP-Processor436|Jsr168Dispatcher:27] Could not execute action
Linea 126320: 08:21:55,711 ERROR [TP-Processor432|Jsr168Dispatcher:27] Could not execute action
Linea 126506: 08:21:55,714 ERROR [TP-Processor424|Jsr168Dispatcher:27] Could not execute action
Linea 126692: 08:21:55,725 ERROR [TP-Processor415|Jsr168Dispatcher:27] Could not execute action
Linea 126876: 08:21:55,726 ERROR [TP-Processor481|Jsr168Dispatcher:27] Could not execute action
Linea 127168: 08:22:35,988 ERROR [TP-Processor352|Jsr168Dispatcher:27] Could not execute action
Linea 127355: 08:22:35,995 ERROR [TP-Processor349|Jsr168Dispatcher:27] Could not execute action
Linea 127541: 08:22:35,999 ERROR [TP-Processor419|Jsr168Dispatcher:27] Could not execute action
Linea 127727: 08:22:36,008 ERROR [TP-Processor428|Jsr168Dispatcher:27] Could not execute action
Linea 127911: 08:22:36,011 ERROR [TP-Processor488|Jsr168Dispatcher:27] Could not execute action
Linea 128120: 08:22:36,191 ERROR [TP-Processor166|Jsr168Dispatcher:27] Could not execute action
Linea 128317: 08:22:36,215 ERROR [TP-Processor352|Jsr168Dispatcher:27] Could not execute action
Linea 128502: 08:22:36,216 ERROR [TP-Processor181|Jsr168Dispatcher:27] Could not execute action
Linea 128687: 08:22:36,225 ERROR [TP-Processor384|Jsr168Dispatcher:27] Could not execute action
Linea 128871: 08:22:36,228 ERROR [TP-Processor425|Jsr168Dispatcher:27] Could not execute action
Linea 129063: 08:22:42,976 ERROR [TP-Processor488|Jsr168Dispatcher:27] Could not execute action
Linea 129255: 08:22:43,067 ERROR [TP-Processor419|Jsr168Dispatcher:27] Could not execute action
Linea 129447: 08:22:43,106 ERROR [TP-Processor488|Jsr168Dispatcher:27] Could not execute action
Linea 129639: 08:22:43,168 ERROR [TP-Processor488|Jsr168Dispatcher:27] Could not execute action
Linea 129831: 08:22:43,220 ERROR [TP-Processor419|Jsr168Dispatcher:27] Could not execute action
Linea 130023: 08:22:43,356 ERROR [TP-Processor488|Jsr168Dispatcher:27] Could not execute action
Linea 130215: 08:22:43,806 ERROR [TP-Processor419|Jsr168Dispatcher:27] Could not execute action
Linea 130443: 08:22:48,848 ERROR [TP-Processor428|Jsr168Dispatcher:27] Could not execute action
Linea 130632: 08:22:48,852 ERROR [TP-Processor488|Jsr168Dispatcher:27] Could not execute action
Linea 130830: 08:22:48,870 ERROR [TP-Processor365|Jsr168Dispatcher:27] Could not execute action
Linea 131016: 08:22:48,879 ERROR [TP-Processor419|Jsr168Dispatcher:27] Could not execute action
Linea 131200: 08:22:48,882 ERROR [TP-Processor432|Jsr168Dispatcher:27] Could not execute action
Linea 131437: 08:23:34,714 ERROR [TP-Processor419|Jsr168Dispatcher:27] Could not execute action
Linea 131623: 08:23:34,724 ERROR [TP-Processor488|Jsr168Dispatcher:27] Could not execute action
Linea 131817: 08:23:34,744 ERROR [TP-Processor384|Jsr168Dispatcher:27] Could not execute action
Linea 132001: 08:23:34,748 ERROR [TP-Processor428|Jsr168Dispatcher:27] Could not execute action
Linea 132185: 08:23:34,755 ERROR [TP-Processor365|Jsr168Dispatcher:27] Could not execute action
Linea 132430: 08:25:01,482 ERROR [TP-Processor432|Jsr168Dispatcher:27] Could not execute action
Linea 132636: 08:25:01,522 ERROR [TP-Processor247|Jsr168Dispatcher:27] Could not execute action
Linea 132822: 08:25:01,528 ERROR [TP-Processor419|Jsr168Dispatcher:27] Could not execute action
Linea 133008: 08:25:01,534 ERROR [TP-Processor434|Jsr168Dispatcher:27] Could not execute action
Linea 133195: 08:25:01,554 ERROR [TP-Processor412|Jsr168Dispatcher:27] Could not execute action
Linea 133412: 08:25:07,292 ERROR [TP-Processor488|Jsr168Dispatcher:27] Could not execute action
Linea 133604: 08:25:07,406 ERROR [TP-Processor365|Jsr168Dispatcher:27] Could not execute action
Linea 133804: 08:25:07,653 ERROR [TP-Processor365|Jsr168Dispatcher:27] Could not execute action
Linea 133988: 08:25:07,660 ERROR [TP-Processor428|Jsr168Dispatcher:27] Could not execute action
Linea 134180: 08:25:07,909 ERROR [TP-Processor428|Jsr168Dispatcher:27] Could not execute action
Linea 134425: 08:25:11,682 ERROR [TP-Processor181|Jsr168Dispatcher:27] Could not execute action
Linea 134612: 08:25:11,689 ERROR [TP-Processor434|Jsr168Dispatcher:27] Could not execute action
Linea 134797: 08:25:11,690 ERROR [TP-Processor247|Jsr168Dispatcher:27] Could not execute action
Linea 134981: 08:25:11,705 ERROR [TP-Processor488|Jsr168Dispatcher:27] Could not execute action
Linea 135165: 08:25:11,710 ERROR [TP-Processor419|Jsr168Dispatcher:27] Could not execute action
Linea 135373: 08:25:11,876 ERROR [TP-Processor247|Jsr168Dispatcher:27] Could not execute action
Linea 135573: 08:25:11,905 ERROR [TP-Processor166|Jsr168Dispatcher:27] Could not execute action
Linea 135757: 08:25:11,908 ERROR [TP-Processor412|Jsr168Dispatcher:27] Could not execute action
Linea 135941: 08:25:11,911 ERROR [TP-Processor419|Jsr168Dispatcher:27] Could not execute action
Linea 136125: 08:25:11,924 ERROR [TP-Processor477|Jsr168Dispatcher:27] Could not execute action
Linea 136359: 08:25:53,375 ERROR [TP-Processor247|Jsr168Dispatcher:27] Could not execute action
Linea 136554: 08:25:53,391 ERROR [TP-Processor477|Jsr168Dispatcher:27] Could not execute action
Linea 136741: 08:25:53,396 ERROR [TP-Processor365|Jsr168Dispatcher:27] Could not execute action
Linea 136926: 08:25:53,412 ERROR [TP-Processor484|Jsr168Dispatcher:27] Could not execute action
Linea 137110: 08:25:53,416 ERROR [TP-Processor419|Jsr168Dispatcher:27] Could not execute action
Linea 137349: 08:26:25,776 ERROR [TP-Processor247|Jsr168Dispatcher:27] Could not execute action
Linea 137540: 08:26:25,788 ERROR [TP-Processor477|Jsr168Dispatcher:27] Could not execute action
Linea 137727: 08:26:25,801 ERROR [TP-Processor181|Jsr168Dispatcher:27] Could not execute action
Linea 137911: 08:26:25,806 ERROR [TP-Processor434|Jsr168Dispatcher:27] Could not execute action
Linea 138095: 08:26:25,814 ERROR [TP-Processor365|Jsr168Dispatcher:27] Could not execute action
Linea 138317: 08:26:40,754 ERROR [TP-Processor434|Jsr168Dispatcher:27] Could not execute action
Linea 138512: 08:26:40,774 ERROR [TP-Processor384|Jsr168Dispatcher:27] Could not execute action
Linea 138696: 08:26:40,781 ERROR [TP-Processor365|Jsr168Dispatcher:27] Could not execute action
Linea 138888: 08:26:40,801 ERROR [TP-Processor412|Jsr168Dispatcher:27] Could not execute action
Linea 139080: 08:26:40,898 ERROR [TP-Processor434|Jsr168Dispatcher:27] Could not execute action
Linea 139272: 08:26:40,932 ERROR [TP-Processor412|Jsr168Dispatcher:27] Could not execute action
Linea 139464: 08:26:41,008 ERROR [TP-Processor434|Jsr168Dispatcher:27] Could not execute action
Linea 139692: 08:27:05,097 ERROR [TP-Processor419|Jsr168Dispatcher:27] Could not execute action
Linea 139886: 08:27:05,115 ERROR [TP-Processor166|Jsr168Dispatcher:27] Could not execute action
Linea 140081: 08:27:05,136 ERROR [TP-Processor488|Jsr168Dispatcher:27] Could not execute action
Linea 140265: 08:27:05,140 ERROR [TP-Processor247|Jsr168Dispatcher:27] Could not execute action
Linea 140449: 08:27:05,153 ERROR [TP-Processor484|Jsr168Dispatcher:27] Could not execute action
Linea 140659: 08:27:05,279 ERROR [TP-Processor247|Jsr168Dispatcher:27] Could not execute action
Linea 140855: 08:27:05,304 ERROR [TP-Processor488|Jsr168Dispatcher:27] Could not execute action
Linea 141040: 08:27:05,307 ERROR [TP-Processor484|Jsr168Dispatcher:27] Could not execute action
Linea 141225: 08:27:05,317 ERROR [TP-Processor419|Jsr168Dispatcher:27] Could not execute action
Linea 141409: 08:27:05,326 ERROR [TP-Processor428|Jsr168Dispatcher:27] Could not execute action
Linea 141651: 08:27:12,878 ERROR [TP-Processor477|Jsr168Dispatcher:27] Could not execute action
Linea 141839: 08:27:12,882 ERROR [TP-Processor434|Jsr168Dispatcher:27] Could not execute action
Linea 142026: 08:27:12,892 ERROR [TP-Processor365|Jsr168Dispatcher:27] Could not execute action
Linea 142210: 08:27:12,894 ERROR [TP-Processor181|Jsr168Dispatcher:27] Could not execute action
Linea 142394: 08:27:12,899 ERROR [TP-Processor412|Jsr168Dispatcher:27] Could not execute action
Linea 142611: 08:27:26,547 ERROR [TP-Processor488|Jsr168Dispatcher:27] Could not execute action
Linea 142824: 08:27:26,590 ERROR [TP-Processor428|Jsr168Dispatcher:27] Could not execute action
Linea 143011: 08:27:26,600 ERROR [TP-Processor166|Jsr168Dispatcher:27] Could not execute action
Linea 143195: 08:27:26,604 ERROR [TP-Processor419|Jsr168Dispatcher:27] Could not execute action
Linea 143379: 08:27:26,614 ERROR [TP-Processor484|Jsr168Dispatcher:27] Could not execute action
Linea 143633: 08:27:41,034 ERROR [TP-Processor419|Jsr168Dispatcher:27] Could not execute action
Linea 143829: 08:27:41,048 ERROR [TP-Processor434|Jsr168Dispatcher:27] Could not execute action
Linea 144018: 08:27:41,055 ERROR [TP-Processor484|Jsr168Dispatcher:27] Could not execute action
Linea 144205: 08:27:41,072 ERROR [TP-Processor477|Jsr168Dispatcher:27] Could not execute action
Linea 144389: 08:27:41,076 ERROR [TP-Processor412|Jsr168Dispatcher:27] Could not execute action
Linea 144606: 08:27:47,193 ERROR [TP-Processor428|Jsr168Dispatcher:27] Could not execute action
Linea 144806: 08:27:47,213 ERROR [TP-Processor484|Jsr168Dispatcher:27] Could not execute action
Linea 144990: 08:27:47,220 ERROR [TP-Processor488|Jsr168Dispatcher:27] Could not execute action
Linea 145190: 08:27:47,253 ERROR [TP-Processor488|Jsr168Dispatcher:27] Could not execute action
Linea 145374: 08:27:47,261 ERROR [TP-Processor484|Jsr168Dispatcher:27] Could not execute action
Linea 145629: 08:28:11,738 ERROR [TP-Processor484|Jsr168Dispatcher:27] Could not execute action
Linea 145830: 08:28:11,768 ERROR [TP-Processor428|Jsr168Dispatcher:27] Could not execute action
Linea 146016: 08:28:11,773 ERROR [TP-Processor412|Jsr168Dispatcher:27] Could not execute action
Linea 146200: 08:28:11,781 ERROR [TP-Processor166|Jsr168Dispatcher:27] Could not execute action
Linea 146384: 08:28:11,786 ERROR [TP-Processor488|Jsr168Dispatcher:27] Could not execute action
Linea 146624: 08:29:02,492 ERROR [TP-Processor339|Jsr168Dispatcher:27] Could not execute action
Linea 146816: 08:29:02,501 ERROR [TP-Processor451|Jsr168Dispatcher:27] Could not execute action
Linea 147001: 08:29:02,510 ERROR [TP-Processor365|Jsr168Dispatcher:27] Could not execute action
Linea 147185: 08:29:02,515 ERROR [TP-Processor478|Jsr168Dispatcher:27] Could not execute action
Linea 147369: 08:29:02,522 ERROR [TP-Processor352|Jsr168Dispatcher:27] Could not execute action
Linea 147586: 08:29:26,242 ERROR [TP-Processor352|Jsr168Dispatcher:27] Could not execute action
Linea 147778: 08:29:26,268 ERROR [TP-Processor365|Jsr168Dispatcher:27] Could not execute action
Linea 147970: 08:29:26,295 ERROR [TP-Processor432|Jsr168Dispatcher:27] Could not execute action
Linea 148162: 08:29:26,319 ERROR [TP-Processor478|Jsr168Dispatcher:27] Could not execute action
Linea 148354: 08:29:26,347 ERROR [T